<?xml version="1.0" encoding="UTF-8"?>
<!-- Generated by org.testng.reporters.JUnitReportReporter -->
<testsuite hostname="WOLF_PC" failures="0" tests="1" name="org.selenium.pom.tests.SearchTest" time="12.937" errors="0" timestamp="2022-08-10T12:45:30 EDT" skipped="0">
  <testcase classname="org.selenium.pom.tests.SearchTest" name="SearchWithPartialMatch" time="12.937"/>
  <system-out/>
</testsuite> <!-- org.selenium.pom.tests.SearchTest -->
