<?xml version="1.0" encoding="UTF-8"?>
<!-- Generated by org.testng.reporters.JUnitReportReporter -->
<testsuite hostname="WOLF_PC" failures="0" tests="2" name="org.selenium.pom.tests.CheckoutTest" time="64.439" errors="0" timestamp="2022-08-10T12:45:30 EDT" skipped="0">
  <testcase classname="org.selenium.pom.tests.CheckoutTest" name="LoginAndCheckoutUsingDirectBankTransfer" time="37.817"/>
  <system-out/>
  <testcase classname="org.selenium.pom.tests.CheckoutTest" name="GuestCheckoutUsingDirectBankTransfer" time="26.622"/>
  <system-out/>
</testsuite> <!-- org.selenium.pom.tests.CheckoutTest -->
